This is pdfTeX, Version 3.14159265-2.6-1.40.21 (MiKTeX 20.6.29) (preloaded format=pdflatex 2023.9.12)  1 NOV 2023 09:10
entering extended mode
**./R_codes_Trees_-imp-for-Assignemnt2-1.tex
(R_codes_Trees_-imp-for-Assignemnt2-1.tex
LaTeX2e <2020-02-02> patch level 5
L3 programming layer <2020-07-17> ("/Library/Application Support/MiKTeX/texmfs/
install/tex/latex/base/article.cls"
Document Class: article 2019/12/20 v1.4l Standard LaTeX document class
("/Library/Application Support/MiKTeX/texmfs/install/tex/latex/base/size10.clo"
File: size10.clo 2019/12/20 v1.4l Standard LaTeX file (size option)
)
\c@part=\count168
\c@section=\count169
\c@subsection=\count170
\c@subsubsection=\count171
\c@paragraph=\count172
\c@subparagraph=\count173
\c@figure=\count174
\c@table=\count175
\abovecaptionskip=\skip47
\belowcaptionskip=\skip48
\bibindent=\dimen134
)
("/Library/Application Support/MiKTeX/texmfs/install/tex/latex/amsmath/amsmath.
sty"
Package: amsmath 2020/01/20 v2.17e AMS math features
\@mathmargin=\skip49
For additional information on amsmath, use the `?' option.

("/Library/Application Support/MiKTeX/texmfs/install/tex/latex/amsmath/amstext.
sty"
Package: amstext 2000/06/29 v2.01 AMS text

("/Library/Application Support/MiKTeX/texmfs/install/tex/latex/amsmath/amsgen.s
ty"
File: amsgen.sty 1999/11/30 v2.0 generic functions
\@emptytoks=\toks15
\ex@=\dimen135
))
("/Library/Application Support/MiKTeX/texmfs/install/tex/latex/amsmath/amsbsy.s
ty"
Package: amsbsy 1999/11/29 v1.2d Bold Symbols
\pmbraise@=\dimen136
)
("/Library/Application Support/MiKTeX/texmfs/install/tex/latex/amsmath/amsopn.s
ty"
Package: amsopn 2016/03/08 v2.02 operator names
)
\inf@bad=\count176
LaTeX Info: Redefining \frac on input line 227.
\uproot@=\count177
\leftroot@=\count178
LaTeX Info: Redefining \overline on input line 389.
\classnum@=\count179
\DOTSCASE@=\count180
LaTeX Info: Redefining \ldots on input line 486.
LaTeX Info: Redefining \dots on input line 489.
LaTeX Info: Redefining \cdots on input line 610.
\Mathstrutbox@=\box45
\strutbox@=\box46
\big@size=\dimen137
LaTeX Font Info:    Redeclaring font encoding OML on input line 733.
LaTeX Font Info:    Redeclaring font encoding OMS on input line 734.
\macc@depth=\count181
\c@MaxMatrixCols=\count182
\dotsspace@=\muskip16
\c@parentequation=\count183
\dspbrk@lvl=\count184
\tag@help=\toks16
\row@=\count185
\column@=\count186
\maxfields@=\count187
\andhelp@=\toks17
\eqnshift@=\dimen138
\alignsep@=\dimen139
\tagshift@=\dimen140
\tagwidth@=\dimen141
\totwidth@=\dimen142
\lineht@=\dimen143
\@envbody=\toks18
\multlinegap=\skip50
\multlinetaggap=\skip51
\mathdisplay@stack=\toks19
LaTeX Info: Redefining \[ on input line 2859.
LaTeX Info: Redefining \] on input line 2860.
)
("/Library/Application Support/MiKTeX/texmfs/install/tex/latex/amsfonts/amssymb
.sty"
Package: amssymb 2013/01/14 v3.01 AMS font symbols

("/Library/Application Support/MiKTeX/texmfs/install/tex/latex/amsfonts/amsfont
s.sty"
Package: amsfonts 2013/01/14 v3.01 Basic AMSFonts support
\symAMSa=\mathgroup4
\symAMSb=\mathgroup5
LaTeX Font Info:    Redeclaring math symbol \hbar on input line 98.
LaTeX Font Info:    Overwriting math alphabet `\mathfrak' in version `bold'
(Font)                  U/euf/m/n --> U/euf/b/n on input line 106.
))
("/Library/Application Support/MiKTeX/texmfs/install/tex/generic/iftex/iftex.st
y"
Package: iftex 2020/03/06 v1.0d TeX engine tests
) ("/Library/Application Support/MiKTeX/texmfs/install/tex/latex/base/fontenc.s
ty"
Package: fontenc 2020/02/11 v2.0o Standard LaTeX package
)
("/Library/Application Support/MiKTeX/texmfs/install/tex/latex/base/inputenc.st
y"
Package: inputenc 2018/08/11 v1.3c Input encoding file
\inpenc@prehook=\toks20
\inpenc@posthook=\toks21
)
("/Library/Application Support/MiKTeX/texmfs/install/tex/latex/base/textcomp.st
y"
Package: textcomp 2020/02/02 v2.0n Standard LaTeX package
) ("/Library/Application Support/MiKTeX/texmfs/install/tex/latex/lm/lmodern.sty
"
Package: lmodern 2009/10/30 v1.6 Latin Modern Fonts
LaTeX Font Info:    Overwriting symbol font `operators' in version `normal'
(Font)                  OT1/cmr/m/n --> OT1/lmr/m/n on input line 22.
LaTeX Font Info:    Overwriting symbol font `letters' in version `normal'
(Font)                  OML/cmm/m/it --> OML/lmm/m/it on input line 23.
LaTeX Font Info:    Overwriting symbol font `symbols' in version `normal'
(Font)                  OMS/cmsy/m/n --> OMS/lmsy/m/n on input line 24.
LaTeX Font Info:    Overwriting symbol font `largesymbols' in version `normal'
(Font)                  OMX/cmex/m/n --> OMX/lmex/m/n on input line 25.
LaTeX Font Info:    Overwriting symbol font `operators' in version `bold'
(Font)                  OT1/cmr/bx/n --> OT1/lmr/bx/n on input line 26.
LaTeX Font Info:    Overwriting symbol font `letters' in version `bold'
(Font)                  OML/cmm/b/it --> OML/lmm/b/it on input line 27.
LaTeX Font Info:    Overwriting symbol font `symbols' in version `bold'
(Font)                  OMS/cmsy/b/n --> OMS/lmsy/b/n on input line 28.
LaTeX Font Info:    Overwriting symbol font `largesymbols' in version `bold'
(Font)                  OMX/cmex/m/n --> OMX/lmex/m/n on input line 29.
LaTeX Font Info:    Overwriting math alphabet `\mathbf' in version `normal'
(Font)                  OT1/cmr/bx/n --> OT1/lmr/bx/n on input line 31.
LaTeX Font Info:    Overwriting math alphabet `\mathsf' in version `normal'
(Font)                  OT1/cmss/m/n --> OT1/lmss/m/n on input line 32.
LaTeX Font Info:    Overwriting math alphabet `\mathit' in version `normal'
(Font)                  OT1/cmr/m/it --> OT1/lmr/m/it on input line 33.
LaTeX Font Info:    Overwriting math alphabet `\mathtt' in version `normal'
(Font)                  OT1/cmtt/m/n --> OT1/lmtt/m/n on input line 34.
LaTeX Font Info:    Overwriting math alphabet `\mathbf' in version `bold'
(Font)                  OT1/cmr/bx/n --> OT1/lmr/bx/n on input line 35.
LaTeX Font Info:    Overwriting math alphabet `\mathsf' in version `bold'
(Font)                  OT1/cmss/bx/n --> OT1/lmss/bx/n on input line 36.
LaTeX Font Info:    Overwriting math alphabet `\mathit' in version `bold'
(Font)                  OT1/cmr/bx/it --> OT1/lmr/bx/it on input line 37.
LaTeX Font Info:    Overwriting math alphabet `\mathtt' in version `bold'
(Font)                  OT1/cmtt/m/n --> OT1/lmtt/m/n on input line 38.
)
("/Users/subhadippal/Library/Application Support/MiKTeX/texmfs/install/tex/late
x/upquote/upquote.sty"
Package: upquote 2012/04/19 v1.3 upright-quote and grave-accent glyphs in verba
tim
)
("/Users/subhadippal/Library/Application Support/MiKTeX/texmfs/install/tex/late
x/microtype/microtype.sty"
Package: microtype 2019/11/18 v2.7d Micro-typographical refinements (RS)

("/Library/Application Support/MiKTeX/texmfs/install/tex/latex/graphics/keyval.
sty"
Package: keyval 2014/10/28 v1.15 key=value parser (DPC)
\KV@toks@=\toks22
)
\MT@toks=\toks23
\MT@count=\count188
LaTeX Info: Redefining \textls on input line 790.
\MT@outer@kern=\dimen144
LaTeX Info: Redefining \textmicrotypecontext on input line 1354.
\MT@listname@count=\count189

("/Users/subhadippal/Library/Application Support/MiKTeX/texmfs/install/tex/late
x/microtype/microtype-pdftex.def"
File: microtype-pdftex.def 2019/11/18 v2.7d Definitions specific to pdftex (RS)

LaTeX Info: Redefining \lsstyle on input line 914.
LaTeX Info: Redefining \lslig on input line 914.
\MT@outer@space=\skip52
)
Package microtype Info: Loading configuration file microtype.cfg.

("/Users/subhadippal/Library/Application Support/MiKTeX/texmfs/install/tex/late
x/microtype/microtype.cfg"
File: microtype.cfg 2019/11/18 v2.7d microtype main configuration file (RS)
))
("/Users/subhadippal/Library/Application Support/MiKTeX/texmfs/install/tex/late
x/parskip/parskip.sty"
Package: parskip 2020-06-15 v2.0f non-zero parskip adjustments

("/Users/subhadippal/Library/Application Support/MiKTeX/texmfs/install/tex/late
x/kvoptions/kvoptions.sty"
Package: kvoptions 2019/11/29 v3.13 Key value format for package options (HO)

("/Users/subhadippal/Library/Application Support/MiKTeX/texmfs/install/tex/gene
ric/ltxcmds/ltxcmds.sty"
Package: ltxcmds 2019/12/15 v1.24 LaTeX kernel commands for general use (HO)
)

! LaTeX Error: File `kvsetkeys.sty' not found.

Type X to quit or <RETURN> to proceed,
or enter new name. (Default extension: sty)

Enter file name: 
! Emergency stop.
<read *> 
         
l.167 \RequirePackage{kvsetkeys}[2007/09/29]
                                             
Here is how much of TeX's memory you used:
 3182 strings out of 481226
 46840 string characters out of 2903326
 311802 words of memory out of 3000000
 18780 multiletter control sequences out of 15000+200000
 535851 words of font info for 30 fonts, out of 3000000 for 9000
 1141 hyphenation exceptions out of 8191
 35i,0n,42p,252b,90s stack positions out of 5000i,500n,10000p,200000b,50000s

!  ==> Fatal error occurred, no output PDF file produced!


! Unfortunately, the package kvsetkeys could not be installed.
! Please check the log file:
! /Users/subhadippal/Library/Application Support/MiKTeX/texmfs/data/miktex/log/pdflatex.log
